ID: 0 --- Tunnel passing at 23:50:00 || QUEUE: 1, 
ID: 1 --- Tunnel passing at 23:50:02 || QUEUE: 2, 3, 4, 
ID: 2 --- Tunnel passing at 23:50:04 || QUEUE: 3, 4, 5, 6, 7, 
ID: 3 --- Tunnel passing at 23:50:06 || QUEUE: 4, 5, 6, 7, 8, 
ID: 4 --- Tunnel passing at 23:50:08 || QUEUE: 5, 6, 7, 8, 9, 10, 
ID: 5 --- Tunnel passing at 23:50:10 || QUEUE: 6, 7, 8, 9, 10, 11, 12, 
ID: 6 --- Tunnel passing at 23:50:12 || QUEUE: 7, 8, 9, 10, 11, 12, 13, 
ID: 7 --- Tunnel passing at 23:50:14 || QUEUE: 8, 9, 10, 11, 12, 13, 14, 
ID: 8 --- Tunnel passing at 23:50:16 || QUEUE: 9, 10, 11, 12, 13, 14, 15, 16, 17, 
ID: 9 --- Breakdown at 23:50:17 || QUEUE: 9, 10, 11, 12, 13, 14, 15, 16, 17, 18, 19, 
ID: 9 --- Tunnel passing at 23:50:22 || QUEUE: 10, 11, 12, 13, 14, 15, 16, 17, 18, 19, 
ID: 10 --- Tunnel passing at 23:50:24 || QUEUE: 11, 12, 13, 14, 15, 16, 17, 18, 19, 20, 21, 
System overload at 23:50:24 - Trains waiting...
ID: 11 --- Tunnel passing at 23:50:26 || QUEUE: 12, 13, 14, 15, 16, 17, 18, 19, 20, 21, 
ID: 12 --- Tunnel passing at 23:50:28 || QUEUE: 13, 14, 15, 16, 17, 18, 19, 20, 21, 
ID: 13 --- Tunnel passing at 23:50:30 || QUEUE: 14, 15, 16, 17, 18, 19, 20, 21, 
ID: 14 --- Tunnel passing at 23:50:32 || QUEUE: 15, 16, 17, 18, 19, 20, 21, 
ID: 15 --- Tunnel passing at 23:50:34 || QUEUE: 16, 17, 18, 19, 20, 21, 
ID: 16 --- Tunnel passing at 23:50:36 || QUEUE: 17, 18, 19, 20, 21, 
ID: 17 --- Tunnel passing at 23:50:38 || QUEUE: 18, 19, 20, 21, 
ID: 18 --- Tunnel passing at 23:50:40 || QUEUE: 19, 20, 21, 
ID: 19 --- Tunnel passing at 23:50:42 || QUEUE: 20, 21, 
ID: 20 --- Tunnel passing at 23:50:44 || QUEUE: 21, 
ID: 21 --- Breakdown at 23:50:45 || QUEUE: 21, 
ID: 21 --- Tunnel passing at 23:50:50 || QUEUE: 
